<?xml version="1.0" encoding="UTF-8"?>
<!-- Generated by org.testng.reporters.JUnitXMLReporter -->
<testsuite ignored="4" hostname="LAPTOP-869F5CUM" failures="0" tests="3" name="Test" time="25.55" errors="0" timestamp="2025-08-03T22:23:49 IST">
  <testcase classname="LoginTest" name="logintest" time="2.704"/>
  <testcase classname="CartTest" name="CartTest1" time="11.601"/>
  <testcase classname="CheckoutTest" name="checkouttest" time="11.207"/>
  <testcase classname="BaseTest" name="@BeforeSuite setup" time="0.0">
    <ignored/>
  </testcase> <!-- @BeforeSuite setup -->
  <testcase classname="BaseTest" name="@AfterSuite teardown" time="0.0">
    <ignored/>
  </testcase> <!-- @AfterSuite teardown -->
  <testcase classname="BaseTest" name="@BeforeSuite setup" time="0.0">
    <ignored/>
  </testcase> <!-- @BeforeSuite setup -->
  <testcase classname="BaseTest" name="@AfterSuite teardown" time="0.0">
    <ignored/>
  </testcase> <!-- @AfterSuite teardown -->
</testsuite> <!-- Test -->
